2019-10-25 01:11:50,099 [main] [com.md.demo.Application] [INFO] (StartupInfoLogger.java:50)- Starting Application on MInboHes-MacBook-Pro.local with PID 20223 (/Users/Minbo/Documents/IT/java/code/spring-boot-study/spring-boot2-study/spring-boot2-parent/spring-boot2-mybatis-plus/target/classes started by Minbo in /Users/Minbo/Documents/IT/java/code/spring-boot-study/spring-boot2-study/spring-boot2-parent/spring-boot2-mybatis-plus)
2019-10-25 01:11:50,115 [main] [com.md.demo.Application] [DEBUG] (StartupInfoLogger.java:53)- Running with Spring Boot v2.0.6.RELEASE, Spring v5.0.10.RELEASE
2019-10-25 01:11:50,119 [main] [com.md.demo.Application] [INFO] (SpringApplication.java:654)- No active profile set, falling back to default profiles: default
2019-10-25 01:12:14,965 [main] [com.md.demo.Application] [INFO] (StartupInfoLogger.java:50)- Starting Application on MInboHes-MacBook-Pro.local with PID 20228 (/Users/Minbo/Documents/IT/java/code/spring-boot-study/spring-boot2-study/spring-boot2-parent/spring-boot2-mybatis-plus/target/classes started by Minbo in /Users/Minbo/Documents/IT/java/code/spring-boot-study/spring-boot2-study/spring-boot2-parent/spring-boot2-mybatis-plus)
2019-10-25 01:12:14,968 [main] [com.md.demo.Application] [DEBUG] (StartupInfoLogger.java:53)- Running with Spring Boot v2.0.6.RELEASE, Spring v5.0.10.RELEASE
2019-10-25 01:12:14,971 [main] [com.md.demo.Application] [INFO] (SpringApplication.java:654)- No active profile set, falling back to default profiles: default
2019-10-25 01:12:37,931 [main] [com.md.demo.Application] [INFO] (StartupInfoLogger.java:50)- Starting Application on MInboHes-MacBook-Pro.local with PID 20230 (/Users/Minbo/Documents/IT/java/code/spring-boot-study/spring-boot2-study/spring-boot2-parent/spring-boot2-mybatis-plus/target/classes started by Minbo in /Users/Minbo/Documents/IT/java/code/spring-boot-study/spring-boot2-study/spring-boot2-parent/spring-boot2-mybatis-plus)
2019-10-25 01:12:37,934 [main] [com.md.demo.Application] [DEBUG] (StartupInfoLogger.java:53)- Running with Spring Boot v2.0.6.RELEASE, Spring v5.0.10.RELEASE
2019-10-25 01:12:37,936 [main] [com.md.demo.Application] [INFO] (SpringApplication.java:654)- No active profile set, falling back to default profiles: default
2019-10-25 01:12:41,259 [main] [com.md.demo.Application] [INFO] (StartupInfoLogger.java:59)- Started Application in 3.632 seconds (JVM running for 4.078)
2019-10-25 01:12:44,168 [http-nio-9090-exec-1] [com.md.demo.MyHttpInterceptor] [INFO] (MyHttpInterceptor.java:38)- 请求参数, url: http://localhost:9090/doc.html, method: GET, params: null
2019-10-25 01:12:44,343 [http-nio-9090-exec-3] [com.md.demo.MyHttpInterceptor] [INFO] (MyHttpInterceptor.java:38)- 请求参数, url: http://localhost:9090/swagger-resources, method: GET, params: null
2019-10-25 01:12:44,350 [http-nio-9090-exec-2] [com.md.demo.MyHttpInterceptor] [INFO] (MyHttpInterceptor.java:38)- 请求参数, url: http://localhost:9090/webjars/bycdao-ui/images/api.ico, method: GET, params: null
2019-10-25 01:12:44,402 [http-nio-9090-exec-4] [com.md.demo.MyHttpInterceptor] [INFO] (MyHttpInterceptor.java:38)- 请求参数, url: http://localhost:9090/v2/api-docs-ext, method: GET, params: group=default
2019-10-25 01:12:56,580 [http-nio-9090-exec-6] [com.md.demo.MyHttpInterceptor] [INFO] (MyHttpInterceptor.java:38)- 请求参数, url: http://localhost:9090/webjars/bycdao-ui/ace-editor/theme-eclipse.js, method: GET, params: null
2019-10-25 01:12:56,580 [http-nio-9090-exec-5] [com.md.demo.MyHttpInterceptor] [INFO] (MyHttpInterceptor.java:38)- 请求参数, url: http://localhost:9090/webjars/bycdao-ui/ace-editor/mode-json.js, method: GET, params: null
2019-10-25 01:12:56,699 [http-nio-9090-exec-7] [com.md.demo.MyHttpInterceptor] [INFO] (MyHttpInterceptor.java:38)- 请求参数, url: http://localhost:9090/webjars/bycdao-ui/layui/font/iconfont.woff, method: GET, params: v=240
2019-10-25 01:12:56,720 [http-nio-9090-exec-8] [com.md.demo.MyHttpInterceptor] [INFO] (MyHttpInterceptor.java:38)- 请求参数, url: http://localhost:9090/webjars/bycdao-ui/ace-editor/worker-json.js, method: GET, params: null
2019-10-25 01:12:59,603 [http-nio-9090-exec-9] [com.md.demo.MyHttpInterceptor] [INFO] (MyHttpInterceptor.java:38)- 请求参数, url: http://localhost:9090/webjars/bycdao-ui/layer3.0.3/skin/default/loading-1.gif, method: GET, params: null
2019-10-25 01:12:59,606 [http-nio-9090-exec-10] [com.md.demo.MyHttpInterceptor] [INFO] (MyHttpInterceptor.java:38)- 请求参数, url: http://localhost:9090/test/myuser/listUser, method: GET, params: null
2019-10-25 01:12:59,946 [http-nio-9090-exec-10] [com.md.demo.test.dao.MyuserMapper.selectList] [DEBUG] (BaseJdbcLogger.java:143)- ==>  Preparing: SELECT id,name,email,age FROM myuser 
2019-10-25 01:12:59,965 [http-nio-9090-exec-10] [com.md.demo.test.dao.MyuserMapper.selectList] [DEBUG] (BaseJdbcLogger.java:143)- ==> Parameters: 
2019-10-25 01:12:59,984 [http-nio-9090-exec-10] [com.md.demo.test.dao.MyuserMapper.selectList] [DEBUG] (BaseJdbcLogger.java:143)- <==      Total: 2
