2019-05-15 18:34:53,381 [main] [com.md.demo.Application] [INFO] (StartupInfoLogger.java:50)- Starting Application on demodeMacBook-Pro-2.local with PID 4711 (/Users/Minbo/Documents/IT/java/code/spring-boot-study/spring-boot2-study/spring-boot2-parent/spring-boot2-interceptor/target/classes started by Minbo in /Users/Minbo/Documents/IT/java/code/spring-boot-study/spring-boot2-study/spring-boot2-parent/spring-boot2-interceptor)
2019-05-15 18:34:53,385 [main] [com.md.demo.Application] [DEBUG] (StartupInfoLogger.java:53)- Running with Spring Boot v2.0.6.RELEASE, Spring v5.0.10.RELEASE
2019-05-15 18:34:53,388 [main] [com.md.demo.Application] [INFO] (SpringApplication.java:654)- No active profile set, falling back to default profiles: default
2019-05-15 18:34:55,663 [main] [com.md.demo.Application] [INFO] (StartupInfoLogger.java:59)- Started Application in 22.735 seconds (JVM running for 23.308)
2019-05-15 18:35:06,800 [http-nio-9090-exec-1] [com.md.demo.HttpInterceptor] [INFO] (HttpInterceptor.java:40)- 请求参数, url: http://localhost:9090/hello, method: GET, params: null
2019-05-15 18:35:10,351 [http-nio-9090-exec-2] [com.md.demo.HttpInterceptor] [INFO] (HttpInterceptor.java:40)- 请求参数, url: http://localhost:9090/hello, method: GET, params: null
2019-05-15 18:35:19,036 [http-nio-9090-exec-3] [com.md.demo.HttpInterceptor] [INFO] (HttpInterceptor.java:40)- 请求参数, url: http://localhost:9090/hello, method: GET, params: null
2019-05-15 18:35:50,866 [main] [com.md.demo.Application] [INFO] (StartupInfoLogger.java:50)- Starting Application on demodeMacBook-Pro-2.local with PID 4712 (/Users/Minbo/Documents/IT/java/code/spring-boot-study/spring-boot2-study/spring-boot2-parent/spring-boot2-interceptor/target/classes started by Minbo in /Users/Minbo/Documents/IT/java/code/spring-boot-study/spring-boot2-study/spring-boot2-parent/spring-boot2-interceptor)
2019-05-15 18:35:50,870 [main] [com.md.demo.Application] [DEBUG] (StartupInfoLogger.java:53)- Running with Spring Boot v2.0.6.RELEASE, Spring v5.0.10.RELEASE
2019-05-15 18:35:50,873 [main] [com.md.demo.Application] [INFO] (SpringApplication.java:654)- No active profile set, falling back to default profiles: default
2019-05-15 18:35:53,652 [main] [com.md.demo.Application] [INFO] (StartupInfoLogger.java:59)- Started Application in 23.156 seconds (JVM running for 23.695)
2019-05-15 18:37:33,281 [main] [com.md.demo.Application] [INFO] (StartupInfoLogger.java:50)- Starting Application on demodeMacBook-Pro-2.local with PID 4713 (/Users/Minbo/Documents/IT/java/code/spring-boot-study/spring-boot2-study/spring-boot2-parent/spring-boot2-interceptor/target/classes started by Minbo in /Users/Minbo/Documents/IT/java/code/spring-boot-study/spring-boot2-study/spring-boot2-parent/spring-boot2-interceptor)
2019-05-15 18:37:33,285 [main] [com.md.demo.Application] [DEBUG] (StartupInfoLogger.java:53)- Running with Spring Boot v2.0.6.RELEASE, Spring v5.0.10.RELEASE
2019-05-15 18:37:33,287 [main] [com.md.demo.Application] [INFO] (SpringApplication.java:654)- No active profile set, falling back to default profiles: default
2019-05-15 18:37:35,314 [main] [com.md.demo.Application] [INFO] (StartupInfoLogger.java:59)- Started Application in 22.443 seconds (JVM running for 23.0)
2019-05-15 18:37:43,566 [http-nio-9090-exec-1] [com.md.demo.HttpInterceptor] [INFO] (HttpInterceptor.java:40)- 请求参数, url: http://localhost:9090/hello, method: GET, params: null
2019-05-15 18:37:58,223 [http-nio-9090-exec-2] [com.md.demo.HttpInterceptor] [INFO] (HttpInterceptor.java:40)- 请求参数, url: http://localhost:9090/getUserInfo, method: GET, params: null
2019-05-15 18:38:15,809 [http-nio-9090-exec-3] [com.md.demo.HttpInterceptor] [INFO] (HttpInterceptor.java:40)- 请求参数, url: http://localhost:9090/getUserInfo, method: GET, params: userId=hemin
2019-05-15 18:41:14,566 [main] [com.md.demo.Application] [INFO] (StartupInfoLogger.java:50)- Starting Application on demodeMacBook-Pro-2.local with PID 4715 (/Users/Minbo/Documents/IT/java/code/spring-boot-study/spring-boot2-study/spring-boot2-parent/spring-boot2-interceptor/target/classes started by Minbo in /Users/Minbo/Documents/IT/java/code/spring-boot-study/spring-boot2-study/spring-boot2-parent/spring-boot2-interceptor)
2019-05-15 18:41:14,570 [main] [com.md.demo.Application] [DEBUG] (StartupInfoLogger.java:53)- Running with Spring Boot v2.0.6.RELEASE, Spring v5.0.10.RELEASE
2019-05-15 18:41:14,572 [main] [com.md.demo.Application] [INFO] (SpringApplication.java:654)- No active profile set, falling back to default profiles: default
2019-05-15 18:41:16,570 [main] [com.md.demo.Application] [INFO] (StartupInfoLogger.java:59)- Started Application in 22.424 seconds (JVM running for 23.009)
2019-05-15 18:41:35,852 [http-nio-9090-exec-1] [com.md.demo.HttpInterceptor] [INFO] (HttpInterceptor.java:46)- 请求参数, url: http://localhost:9090/error, method: POST, params: null
2019-05-15 18:41:40,895 [http-nio-9090-exec-2] [com.md.demo.HttpInterceptor] [INFO] (HttpInterceptor.java:46)- 请求参数, url: http://localhost:9090/hello, method: GET, params: null
2019-05-15 18:41:40,897 [http-nio-9090-exec-2] [com.md.demo.HttpInterceptor] [INFO] (HttpInterceptor.java:46)- 请求参数, url: http://localhost:9090/error, method: GET, params: null
2019-05-15 18:42:25,053 [http-nio-9090-exec-3] [com.md.demo.HttpInterceptor] [INFO] (HttpInterceptor.java:46)- 请求参数, url: http://localhost:9090/hello, method: GET, params: null
2019-05-15 18:42:26,753 [http-nio-9090-exec-4] [com.md.demo.HttpInterceptor] [INFO] (HttpInterceptor.java:46)- 请求参数, url: http://localhost:9090/hello, method: GET, params: null
2019-05-15 18:42:52,887 [http-nio-9090-exec-5] [com.md.demo.HttpInterceptor] [INFO] (HttpInterceptor.java:46)- 请求参数, url: http://localhost:9090/hello, method: GET, params: null
2019-05-15 18:42:53,017 [http-nio-9090-exec-6] [com.md.demo.HttpInterceptor] [INFO] (HttpInterceptor.java:46)- 请求参数, url: http://localhost:9090/error, method: GET, params: null
2019-05-15 18:43:28,485 [main] [com.md.demo.Application] [INFO] (StartupInfoLogger.java:50)- Starting Application on demodeMacBook-Pro-2.local with PID 4727 (/Users/Minbo/Documents/IT/java/code/spring-boot-study/spring-boot2-study/spring-boot2-parent/spring-boot2-interceptor/target/classes started by Minbo in /Users/Minbo/Documents/IT/java/code/spring-boot-study/spring-boot2-study/spring-boot2-parent/spring-boot2-interceptor)
2019-05-15 18:43:28,490 [main] [com.md.demo.Application] [DEBUG] (StartupInfoLogger.java:53)- Running with Spring Boot v2.0.6.RELEASE, Spring v5.0.10.RELEASE
2019-05-15 18:43:28,492 [main] [com.md.demo.Application] [INFO] (SpringApplication.java:654)- No active profile set, falling back to default profiles: default
2019-05-15 18:43:30,662 [main] [com.md.demo.Application] [INFO] (StartupInfoLogger.java:59)- Started Application in 22.552 seconds (JVM running for 23.111)
2019-05-15 18:44:06,151 [http-nio-9090-exec-1] [com.md.demo.HttpInterceptor] [INFO] (HttpInterceptor.java:46)- 请求参数, url: http://localhost:9090/hello, method: GET, params: null
2019-05-15 18:44:14,528 [http-nio-9090-exec-2] [com.md.demo.HttpInterceptor] [INFO] (HttpInterceptor.java:46)- 请求参数, url: http://localhost:9090/hello, method: GET, params: null
2019-05-15 18:45:39,977 [main] [com.md.demo.Application] [INFO] (StartupInfoLogger.java:50)- Starting Application on demodeMacBook-Pro-2.local with PID 4730 (/Users/Minbo/Documents/IT/java/code/spring-boot-study/spring-boot2-study/spring-boot2-parent/spring-boot2-interceptor/target/classes started by Minbo in /Users/Minbo/Documents/IT/java/code/spring-boot-study/spring-boot2-study/spring-boot2-parent/spring-boot2-interceptor)
2019-05-15 18:45:39,980 [main] [com.md.demo.Application] [DEBUG] (StartupInfoLogger.java:53)- Running with Spring Boot v2.0.6.RELEASE, Spring v5.0.10.RELEASE
2019-05-15 18:45:39,982 [main] [com.md.demo.Application] [INFO] (SpringApplication.java:654)- No active profile set, falling back to default profiles: default
2019-05-15 18:45:42,033 [main] [com.md.demo.Application] [INFO] (StartupInfoLogger.java:59)- Started Application in 22.418 seconds (JVM running for 22.973)
2019-05-15 18:45:46,715 [http-nio-9090-exec-1] [com.md.demo.HttpInterceptor] [INFO] (HttpInterceptor.java:46)- 请求参数, url: http://localhost:9090/hello, method: GET, params: null
2019-05-15 18:45:49,522 [http-nio-9090-exec-2] [com.md.demo.HttpInterceptor] [INFO] (HttpInterceptor.java:46)- 请求参数, url: http://localhost:9090/getUserInfo, method: GET, params: userId=hemin
2019-05-15 18:45:49,535 [http-nio-9090-exec-2] [com.md.demo.HttpInterceptor] [INFO] (HttpInterceptor.java:46)- 请求参数, url: http://localhost:9090/error, method: GET, params: userId=hemin
2019-05-15 18:46:23,089 [http-nio-9090-exec-3] [com.md.demo.HttpInterceptor] [INFO] (HttpInterceptor.java:46)- 请求参数, url: http://localhost:9090/hello, method: GET, params: null
2019-05-15 18:46:25,533 [http-nio-9090-exec-4] [com.md.demo.HttpInterceptor] [INFO] (HttpInterceptor.java:46)- 请求参数, url: http://localhost:9090/getUserInfo, method: GET, params: userId=hemin
2019-05-15 18:46:25,536 [http-nio-9090-exec-4] [com.md.demo.HttpInterceptor] [INFO] (HttpInterceptor.java:46)- 请求参数, url: http://localhost:9090/error, method: GET, params: userId=hemin
2019-05-15 18:47:11,292 [http-nio-9090-exec-5] [com.md.demo.HttpInterceptor] [INFO] (HttpInterceptor.java:46)- 请求参数, url: http://localhost:9090/getUserInfo, method: GET, params: userId=hemin
2019-05-15 18:47:26,753 [http-nio-9090-exec-5] [com.md.demo.HttpInterceptor] [INFO] (HttpInterceptor.java:46)- 请求参数, url: http://localhost:9090/error, method: GET, params: userId=hemin
2019-05-15 18:48:17,267 [main] [com.md.demo.Application] [INFO] (StartupInfoLogger.java:50)- Starting Application on demodeMacBook-Pro-2.local with PID 4732 (/Users/Minbo/Documents/IT/java/code/spring-boot-study/spring-boot2-study/spring-boot2-parent/spring-boot2-interceptor/target/classes started by Minbo in /Users/Minbo/Documents/IT/java/code/spring-boot-study/spring-boot2-study/spring-boot2-parent/spring-boot2-interceptor)
2019-05-15 18:48:17,271 [main] [com.md.demo.Application] [DEBUG] (StartupInfoLogger.java:53)- Running with Spring Boot v2.0.6.RELEASE, Spring v5.0.10.RELEASE
2019-05-15 18:48:17,273 [main] [com.md.demo.Application] [INFO] (SpringApplication.java:654)- No active profile set, falling back to default profiles: default
2019-05-15 18:48:19,278 [main] [com.md.demo.Application] [INFO] (StartupInfoLogger.java:59)- Started Application in 22.426 seconds (JVM running for 22.966)
2019-05-15 18:48:25,725 [http-nio-9090-exec-1] [com.md.demo.HttpInterceptor] [INFO] (HttpInterceptor.java:48)- 请求参数, url: http://localhost:9090/getUserInfo, method: GET, params: userId=hemin
2019-05-15 18:48:30,380 [http-nio-9090-exec-1] [com.md.demo.HttpInterceptor] [INFO] (HttpInterceptor.java:48)- 请求参数, url: http://localhost:9090/error, method: GET, params: userId=hemin
2019-05-15 18:48:40,676 [http-nio-9090-exec-2] [com.md.demo.HttpInterceptor] [INFO] (HttpInterceptor.java:48)- 请求参数, url: http://localhost:9090/hello, method: GET, params: null
2019-05-15 18:48:57,811 [http-nio-9090-exec-3] [com.md.demo.HttpInterceptor] [INFO] (HttpInterceptor.java:48)- 请求参数, url: http://localhost:9090/getUserInfo, method: GET, params: userId=hemin
2019-05-15 18:50:42,790 [main] [com.md.demo.Application] [INFO] (StartupInfoLogger.java:50)- Starting Application on demodeMacBook-Pro-2.local with PID 4733 (/Users/Minbo/Documents/IT/java/code/spring-boot-study/spring-boot2-study/spring-boot2-parent/spring-boot2-interceptor/target/classes started by Minbo in /Users/Minbo/Documents/IT/java/code/spring-boot-study/spring-boot2-study/spring-boot2-parent/spring-boot2-interceptor)
2019-05-15 18:50:42,793 [main] [com.md.demo.Application] [DEBUG] (StartupInfoLogger.java:53)- Running with Spring Boot v2.0.6.RELEASE, Spring v5.0.10.RELEASE
2019-05-15 18:50:42,796 [main] [com.md.demo.Application] [INFO] (SpringApplication.java:654)- No active profile set, falling back to default profiles: default
2019-05-15 18:50:44,855 [main] [com.md.demo.Application] [INFO] (StartupInfoLogger.java:59)- Started Application in 22.431 seconds (JVM running for 22.967)
2019-05-15 18:50:51,767 [http-nio-9090-exec-1] [com.md.demo.MyHttpInterceptor] [INFO] (MyHttpInterceptor.java:48)- 请求参数, url: http://localhost:9090/hello, method: GET, params: null
2019-05-15 18:50:53,720 [http-nio-9090-exec-2] [com.md.demo.MyHttpInterceptor] [INFO] (MyHttpInterceptor.java:48)- 请求参数, url: http://localhost:9090/getUserInfo, method: GET, params: userId=hemin
2019-05-15 18:50:53,721 [http-nio-9090-exec-2] [com.md.demo.MyHttpInterceptor] [INFO] (MyHttpInterceptor.java:56)- 【实现注入】调用服务层方法代码：demoService.sayHello()=hello from service layer
2019-05-15 18:51:29,302 [main] [com.md.demo.Application] [INFO] (StartupInfoLogger.java:50)- Starting Application on demodeMacBook-Pro-2.local with PID 4735 (/Users/Minbo/Documents/IT/java/code/spring-boot-study/spring-boot2-study/spring-boot2-parent/spring-boot2-interceptor/target/classes started by Minbo in /Users/Minbo/Documents/IT/java/code/spring-boot-study/spring-boot2-study/spring-boot2-parent/spring-boot2-interceptor)
2019-05-15 18:51:29,306 [main] [com.md.demo.Application] [DEBUG] (StartupInfoLogger.java:53)- Running with Spring Boot v2.0.6.RELEASE, Spring v5.0.10.RELEASE
2019-05-15 18:51:29,309 [main] [com.md.demo.Application] [INFO] (SpringApplication.java:654)- No active profile set, falling back to default profiles: default
2019-05-15 18:51:31,619 [main] [com.md.demo.Application] [INFO] (StartupInfoLogger.java:59)- Started Application in 22.685 seconds (JVM running for 23.205)
2019-05-15 18:51:51,789 [http-nio-9090-exec-1] [com.md.demo.MyHttpInterceptor] [INFO] (MyHttpInterceptor.java:47)- 请求参数, url: http://localhost:9090/hello, method: GET, params: null
2019-05-15 18:51:53,891 [http-nio-9090-exec-2] [com.md.demo.MyHttpInterceptor] [INFO] (MyHttpInterceptor.java:47)- 请求参数, url: http://localhost:9090/getUserInfo, method: GET, params: userId=hemin
2019-05-15 18:51:53,891 [http-nio-9090-exec-2] [com.md.demo.MyHttpInterceptor] [INFO] (MyHttpInterceptor.java:55)- 【实现注入】调用服务层方法代码：demoService.sayHello()=hello from service layer
2019-05-15 18:51:54,681 [http-nio-9090-exec-3] [com.md.demo.MyHttpInterceptor] [INFO] (MyHttpInterceptor.java:47)- 请求参数, url: http://localhost:9090/getUserInfo, method: GET, params: userId=hemin
2019-05-15 18:51:54,682 [http-nio-9090-exec-3] [com.md.demo.MyHttpInterceptor] [INFO] (MyHttpInterceptor.java:55)- 【实现注入】调用服务层方法代码：demoService.sayHello()=hello from service layer
2019-05-15 18:51:55,382 [http-nio-9090-exec-4] [com.md.demo.MyHttpInterceptor] [INFO] (MyHttpInterceptor.java:47)- 请求参数, url: http://localhost:9090/getUserInfo, method: GET, params: userId=hemin
2019-05-15 18:51:55,382 [http-nio-9090-exec-4] [com.md.demo.MyHttpInterceptor] [INFO] (MyHttpInterceptor.java:55)- 【实现注入】调用服务层方法代码：demoService.sayHello()=hello from service layer
2019-05-15 18:51:56,758 [http-nio-9090-exec-5] [com.md.demo.MyHttpInterceptor] [INFO] (MyHttpInterceptor.java:47)- 请求参数, url: http://localhost:9090/getUserInfo, method: GET, params: userId=hemin
2019-05-15 18:51:56,759 [http-nio-9090-exec-5] [com.md.demo.MyHttpInterceptor] [INFO] (MyHttpInterceptor.java:55)- 【实现注入】调用服务层方法代码：demoService.sayHello()=hello from service layer
2019-05-15 18:52:44,414 [main] [com.md.demo.Application] [INFO] (StartupInfoLogger.java:50)- Starting Application on demodeMacBook-Pro-2.local with PID 4736 (/Users/Minbo/Documents/IT/java/code/spring-boot-study/spring-boot2-study/spring-boot2-parent/spring-boot2-interceptor/target/classes started by Minbo in /Users/Minbo/Documents/IT/java/code/spring-boot-study/spring-boot2-study/spring-boot2-parent/spring-boot2-interceptor)
2019-05-15 18:52:44,418 [main] [com.md.demo.Application] [DEBUG] (StartupInfoLogger.java:53)- Running with Spring Boot v2.0.6.RELEASE, Spring v5.0.10.RELEASE
2019-05-15 18:52:44,420 [main] [com.md.demo.Application] [INFO] (SpringApplication.java:654)- No active profile set, falling back to default profiles: default
2019-05-15 18:52:46,755 [main] [com.md.demo.Application] [INFO] (StartupInfoLogger.java:59)- Started Application in 22.746 seconds (JVM running for 23.287)
2019-05-15 18:52:47,441 [http-nio-9090-exec-1] [com.md.demo.MyHttpInterceptor] [INFO] (MyHttpInterceptor.java:46)- 请求参数, url: http://localhost:9090/getUserInfo, method: GET, params: userId=hemin
2019-05-15 18:52:47,442 [http-nio-9090-exec-1] [com.md.demo.MyHttpInterceptor] [INFO] (MyHttpInterceptor.java:54)- 【实现注入】调用服务层方法代码：demoService.sayHello()=hello from service layer
2019-05-15 18:52:48,102 [http-nio-9090-exec-2] [com.md.demo.MyHttpInterceptor] [INFO] (MyHttpInterceptor.java:46)- 请求参数, url: http://localhost:9090/getUserInfo, method: GET, params: userId=hemin
2019-05-15 18:52:48,103 [http-nio-9090-exec-2] [com.md.demo.MyHttpInterceptor] [INFO] (MyHttpInterceptor.java:54)- 【实现注入】调用服务层方法代码：demoService.sayHello()=hello from service layer
2019-05-15 18:52:49,955 [http-nio-9090-exec-3] [com.md.demo.MyHttpInterceptor] [INFO] (MyHttpInterceptor.java:46)- 请求参数, url: http://localhost:9090/hello, method: GET, params: null
2019-05-15 18:52:50,819 [http-nio-9090-exec-4] [com.md.demo.MyHttpInterceptor] [INFO] (MyHttpInterceptor.java:46)- 请求参数, url: http://localhost:9090/hello, method: GET, params: null
2019-05-15 18:52:52,403 [http-nio-9090-exec-5] [com.md.demo.MyHttpInterceptor] [INFO] (MyHttpInterceptor.java:46)- 请求参数, url: http://localhost:9090/getUserInfo, method: GET, params: userId=hemin
2019-05-15 18:52:52,404 [http-nio-9090-exec-5] [com.md.demo.MyHttpInterceptor] [INFO] (MyHttpInterceptor.java:54)- 【实现注入】调用服务层方法代码：demoService.sayHello()=hello from service layer
2019-05-15 18:52:52,977 [http-nio-9090-exec-6] [com.md.demo.MyHttpInterceptor] [INFO] (MyHttpInterceptor.java:46)- 请求参数, url: http://localhost:9090/getUserInfo, method: GET, params: userId=hemin
2019-05-15 18:52:52,977 [http-nio-9090-exec-6] [com.md.demo.MyHttpInterceptor] [INFO] (MyHttpInterceptor.java:54)- 【实现注入】调用服务层方法代码：demoService.sayHello()=hello from service layer
2019-05-15 18:52:58,654 [http-nio-9090-exec-7] [com.md.demo.MyHttpInterceptor] [INFO] (MyHttpInterceptor.java:46)- 请求参数, url: http://localhost:9090/getUserInfo, method: GET, params: userId=hemin
2019-05-15 18:52:58,654 [http-nio-9090-exec-7] [com.md.demo.MyHttpInterceptor] [INFO] (MyHttpInterceptor.java:54)- 【实现注入】调用服务层方法代码：demoService.sayHello()=hello from service layer
