2019-08-20 16:18:09,433 [main] [com.md.demo.Application] [INFO] (StartupInfoLogger.java:50)- Starting Application on demodeMacBook-Pro-2.local with PID 3137 (/Users/Minbo/Documents/IT/java/code/spring-boot-study/spring-boot2-study/spring-boot2-parent/spring-boot2-exception/target/classes started by Minbo in /Users/Minbo/Documents/IT/java/code/spring-boot-study/spring-boot2-study/spring-boot2-parent/spring-boot2-exception)
2019-08-20 16:18:09,435 [main] [com.md.demo.Application] [DEBUG] (StartupInfoLogger.java:53)- Running with Spring Boot v2.0.6.RELEASE, Spring v5.0.10.RELEASE
2019-08-20 16:18:09,438 [main] [com.md.demo.Application] [INFO] (SpringApplication.java:654)- No active profile set, falling back to default profiles: default
2019-08-20 16:18:11,651 [main] [com.md.demo.Application] [INFO] (StartupInfoLogger.java:59)- Started Application in 22.637 seconds (JVM running for 23.169)
2019-08-20 16:19:19,826 [http-nio-9090-exec-2] [com.md.demo.MyHttpInterceptor] [INFO] (MyHttpInterceptor.java:38)- 请求参数, url: http://localhost:9090/hello, method: GET, params: flag=2
2019-08-20 16:19:20,626 [http-nio-9090-exec-3] [com.md.demo.MyHttpInterceptor] [INFO] (MyHttpInterceptor.java:38)- 请求参数, url: http://localhost:9090/hello, method: GET, params: flag=2
2019-08-20 16:19:21,879 [http-nio-9090-exec-4] [com.md.demo.MyHttpInterceptor] [INFO] (MyHttpInterceptor.java:38)- 请求参数, url: http://localhost:9090/hello, method: GET, params: flag=2
2019-08-20 16:19:23,727 [http-nio-9090-exec-5] [com.md.demo.MyHttpInterceptor] [INFO] (MyHttpInterceptor.java:38)- 请求参数, url: http://localhost:9090/hello, method: GET, params: flag=2
2019-08-20 16:19:32,472 [http-nio-9090-exec-6] [com.md.demo.MyHttpInterceptor] [INFO] (MyHttpInterceptor.java:38)- 请求参数, url: http://localhost:9090/exception, method: GET, params: null
2019-08-20 16:19:32,492 [http-nio-9090-exec-6] [com.md.demo.MyHttpInterceptor] [INFO] (MyHttpInterceptor.java:38)- 请求参数, url: http://localhost:9090/error, method: GET, params: null
2019-08-20 16:25:06,710 [main] [com.md.demo.Application] [INFO] (StartupInfoLogger.java:50)- Starting Application on demodeMacBook-Pro-2.local with PID 3148 (/Users/Minbo/Documents/IT/java/code/spring-boot-study/spring-boot2-study/spring-boot2-parent/spring-boot2-exception/target/classes started by Minbo in /Users/Minbo/Documents/IT/java/code/spring-boot-study/spring-boot2-study/spring-boot2-parent/spring-boot2-exception)
2019-08-20 16:25:06,720 [main] [com.md.demo.Application] [DEBUG] (StartupInfoLogger.java:53)- Running with Spring Boot v2.0.6.RELEASE, Spring v5.0.10.RELEASE
2019-08-20 16:25:06,722 [main] [com.md.demo.Application] [INFO] (SpringApplication.java:654)- No active profile set, falling back to default profiles: default
2019-08-20 16:25:09,383 [main] [com.md.demo.Application] [INFO] (StartupInfoLogger.java:59)- Started Application in 23.322 seconds (JVM running for 24.492)
2019-08-20 16:25:40,617 [http-nio-9090-exec-1] [com.md.demo.MyHttpInterceptor] [INFO] (MyHttpInterceptor.java:38)- 请求参数, url: http://localhost:9090/hello, method: GET, params: null
2019-08-20 16:25:41,987 [http-nio-9090-exec-3] [com.md.demo.MyHttpInterceptor] [INFO] (MyHttpInterceptor.java:38)- 请求参数, url: http://localhost:9090/hello, method: GET, params: null
2019-08-20 16:25:43,484 [http-nio-9090-exec-4] [com.md.demo.MyHttpInterceptor] [INFO] (MyHttpInterceptor.java:38)- 请求参数, url: http://localhost:9090/exception, method: GET, params: null
2019-08-20 16:25:43,488 [http-nio-9090-exec-4] [com.md.demo.GlobalExceptionHandler] [ERROR] (GlobalExceptionHandler.java:18)- 系统异常【全局异常】：/ by zero
java.lang.ArithmeticException: / by zero
	at com.md.demo.rest.InitRest.exception(InitRest.java:33)
	at sun.reflect.NativeMethodAccessorImpl.invoke0(Native Method)
	at sun.reflect.NativeMethodAccessorImpl.invoke(NativeMethodAccessorImpl.java:62)
	at sun.reflect.DelegatingMethodAccessorImpl.invoke(DelegatingMethodAccessorImpl.java:43)
	at java.lang.reflect.Method.invoke(Method.java:498)
	at org.springframework.web.method.support.InvocableHandlerMethod.doInvoke(InvocableHandlerMethod.java:209)
	at org.springframework.web.method.support.InvocableHandlerMethod.invokeForRequest(InvocableHandlerMethod.java:136)
	at org.springframework.web.servlet.mvc.method.annotation.ServletInvocableHandlerMethod.invokeAndHandle(ServletInvocableHandlerMethod.java:102)
	at org.springframework.web.servlet.mvc.method.annotation.RequestMappingHandlerAdapter.invokeHandlerMethod(RequestMappingHandlerAdapter.java:891)
	at org.springframework.web.servlet.mvc.method.annotation.RequestMappingHandlerAdapter.handleInternal(RequestMappingHandlerAdapter.java:797)
	at org.springframework.web.servlet.mvc.method.AbstractHandlerMethodAdapter.handle(AbstractHandlerMethodAdapter.java:87)
	at org.springframework.web.servlet.DispatcherServlet.doDispatch(DispatcherServlet.java:991)
	at org.springframework.web.servlet.DispatcherServlet.doService(DispatcherServlet.java:925)
	at org.springframework.web.servlet.FrameworkServlet.processRequest(FrameworkServlet.java:974)
	at org.springframework.web.servlet.FrameworkServlet.doGet(FrameworkServlet.java:866)
	at javax.servlet.http.HttpServlet.service(HttpServlet.java:635)
	at org.springframework.web.servlet.FrameworkServlet.service(FrameworkServlet.java:851)
	at javax.servlet.http.HttpServlet.service(HttpServlet.java:742)
	at org.apache.catalina.core.ApplicationFilterChain.internalDoFilter(ApplicationFilterChain.java:231)
	at org.apache.catalina.core.ApplicationFilterChain.doFilter(ApplicationFilterChain.java:166)
	at org.apache.tomcat.websocket.server.WsFilter.doFilter(WsFilter.java:52)
	at org.apache.catalina.core.ApplicationFilterChain.internalDoFilter(ApplicationFilterChain.java:193)
	at org.apache.catalina.core.ApplicationFilterChain.doFilter(ApplicationFilterChain.java:166)
	at org.springframework.web.filter.CorsFilter.doFilterInternal(CorsFilter.java:96)
	at org.springframework.web.filter.OncePerRequestFilter.doFilter(OncePerRequestFilter.java:107)
	at org.apache.catalina.core.ApplicationFilterChain.internalDoFilter(ApplicationFilterChain.java:193)
	at org.apache.catalina.core.ApplicationFilterChain.doFilter(ApplicationFilterChain.java:166)
	at org.springframework.web.filter.CharacterEncodingFilter.doFilterInternal(CharacterEncodingFilter.java:200)
	at org.springframework.web.filter.OncePerRequestFilter.doFilter(OncePerRequestFilter.java:107)
	at org.apache.catalina.core.ApplicationFilterChain.internalDoFilter(ApplicationFilterChain.java:193)
	at org.apache.catalina.core.ApplicationFilterChain.doFilter(ApplicationFilterChain.java:166)
	at org.apache.catalina.core.StandardWrapperValve.invoke(StandardWrapperValve.java:198)
	at org.apache.catalina.core.StandardContextValve.invoke(StandardContextValve.java:96)
	at org.apache.catalina.authenticator.AuthenticatorBase.invoke(AuthenticatorBase.java:493)
	at org.apache.catalina.core.StandardHostValve.invoke(StandardHostValve.java:140)
	at org.apache.catalina.valves.ErrorReportValve.invoke(ErrorReportValve.java:81)
	at org.apache.catalina.core.StandardEngineValve.invoke(StandardEngineValve.java:87)
	at org.apache.catalina.connector.CoyoteAdapter.service(CoyoteAdapter.java:342)
	at org.apache.coyote.http11.Http11Processor.service(Http11Processor.java:800)
	at org.apache.coyote.AbstractProcessorLight.process(AbstractProcessorLight.java:66)
	at org.apache.coyote.AbstractProtocol$ConnectionHandler.process(AbstractProtocol.java:806)
	at org.apache.tomcat.util.net.NioEndpoint$SocketProcessor.doRun(NioEndpoint.java:1498)
	at org.apache.tomcat.util.net.SocketProcessorBase.run(SocketProcessorBase.java:49)
	at java.util.concurrent.ThreadPoolExecutor.runWorker(ThreadPoolExecutor.java:1149)
	at java.util.concurrent.ThreadPoolExecutor$Worker.run(ThreadPoolExecutor.java:624)
	at org.apache.tomcat.util.threads.TaskThread$WrappingRunnable.run(TaskThread.java:61)
	at java.lang.Thread.run(Thread.java:748)
2019-08-20 16:25:43,501 [http-nio-9090-exec-4] [com.md.demo.MyHttpInterceptor] [INFO] (MyHttpInterceptor.java:38)- 请求参数, url: http://localhost:9090/error, method: GET, params: null
2019-08-20 16:26:03,828 [http-nio-9090-exec-6] [com.md.demo.MyHttpInterceptor] [INFO] (MyHttpInterceptor.java:38)- 请求参数, url: http://localhost:9090/exception, method: GET, params: null
2019-08-20 16:26:03,829 [http-nio-9090-exec-6] [com.md.demo.GlobalExceptionHandler] [ERROR] (GlobalExceptionHandler.java:18)- 系统异常【全局异常】：/ by zero
java.lang.ArithmeticException: / by zero
	at com.md.demo.rest.InitRest.exception(InitRest.java:33)
	at sun.reflect.NativeMethodAccessorImpl.invoke0(Native Method)
	at sun.reflect.NativeMethodAccessorImpl.invoke(NativeMethodAccessorImpl.java:62)
	at sun.reflect.DelegatingMethodAccessorImpl.invoke(DelegatingMethodAccessorImpl.java:43)
	at java.lang.reflect.Method.invoke(Method.java:498)
	at org.springframework.web.method.support.InvocableHandlerMethod.doInvoke(InvocableHandlerMethod.java:209)
	at org.springframework.web.method.support.InvocableHandlerMethod.invokeForRequest(InvocableHandlerMethod.java:136)
	at org.springframework.web.servlet.mvc.method.annotation.ServletInvocableHandlerMethod.invokeAndHandle(ServletInvocableHandlerMethod.java:102)
	at org.springframework.web.servlet.mvc.method.annotation.RequestMappingHandlerAdapter.invokeHandlerMethod(RequestMappingHandlerAdapter.java:891)
	at org.springframework.web.servlet.mvc.method.annotation.RequestMappingHandlerAdapter.handleInternal(RequestMappingHandlerAdapter.java:797)
	at org.springframework.web.servlet.mvc.method.AbstractHandlerMethodAdapter.handle(AbstractHandlerMethodAdapter.java:87)
	at org.springframework.web.servlet.DispatcherServlet.doDispatch(DispatcherServlet.java:991)
	at org.springframework.web.servlet.DispatcherServlet.doService(DispatcherServlet.java:925)
	at org.springframework.web.servlet.FrameworkServlet.processRequest(FrameworkServlet.java:974)
	at org.springframework.web.servlet.FrameworkServlet.doGet(FrameworkServlet.java:866)
	at javax.servlet.http.HttpServlet.service(HttpServlet.java:635)
	at org.springframework.web.servlet.FrameworkServlet.service(FrameworkServlet.java:851)
	at javax.servlet.http.HttpServlet.service(HttpServlet.java:742)
	at org.apache.catalina.core.ApplicationFilterChain.internalDoFilter(ApplicationFilterChain.java:231)
	at org.apache.catalina.core.ApplicationFilterChain.doFilter(ApplicationFilterChain.java:166)
	at org.apache.tomcat.websocket.server.WsFilter.doFilter(WsFilter.java:52)
	at org.apache.catalina.core.ApplicationFilterChain.internalDoFilter(ApplicationFilterChain.java:193)
	at org.apache.catalina.core.ApplicationFilterChain.doFilter(ApplicationFilterChain.java:166)
	at org.springframework.web.filter.CorsFilter.doFilterInternal(CorsFilter.java:96)
	at org.springframework.web.filter.OncePerRequestFilter.doFilter(OncePerRequestFilter.java:107)
	at org.apache.catalina.core.ApplicationFilterChain.internalDoFilter(ApplicationFilterChain.java:193)
	at org.apache.catalina.core.ApplicationFilterChain.doFilter(ApplicationFilterChain.java:166)
	at org.springframework.web.filter.CharacterEncodingFilter.doFilterInternal(CharacterEncodingFilter.java:200)
	at org.springframework.web.filter.OncePerRequestFilter.doFilter(OncePerRequestFilter.java:107)
	at org.apache.catalina.core.ApplicationFilterChain.internalDoFilter(ApplicationFilterChain.java:193)
	at org.apache.catalina.core.ApplicationFilterChain.doFilter(ApplicationFilterChain.java:166)
	at org.apache.catalina.core.StandardWrapperValve.invoke(StandardWrapperValve.java:198)
	at org.apache.catalina.core.StandardContextValve.invoke(StandardContextValve.java:96)
	at org.apache.catalina.authenticator.AuthenticatorBase.invoke(AuthenticatorBase.java:493)
	at org.apache.catalina.core.StandardHostValve.invoke(StandardHostValve.java:140)
	at org.apache.catalina.valves.ErrorReportValve.invoke(ErrorReportValve.java:81)
	at org.apache.catalina.core.StandardEngineValve.invoke(StandardEngineValve.java:87)
	at org.apache.catalina.connector.CoyoteAdapter.service(CoyoteAdapter.java:342)
	at org.apache.coyote.http11.Http11Processor.service(Http11Processor.java:800)
	at org.apache.coyote.AbstractProcessorLight.process(AbstractProcessorLight.java:66)
	at org.apache.coyote.AbstractProtocol$ConnectionHandler.process(AbstractProtocol.java:806)
	at org.apache.tomcat.util.net.NioEndpoint$SocketProcessor.doRun(NioEndpoint.java:1498)
	at org.apache.tomcat.util.net.SocketProcessorBase.run(SocketProcessorBase.java:49)
	at java.util.concurrent.ThreadPoolExecutor.runWorker(ThreadPoolExecutor.java:1149)
	at java.util.concurrent.ThreadPoolExecutor$Worker.run(ThreadPoolExecutor.java:624)
	at org.apache.tomcat.util.threads.TaskThread$WrappingRunnable.run(TaskThread.java:61)
	at java.lang.Thread.run(Thread.java:748)
2019-08-20 16:26:03,835 [http-nio-9090-exec-6] [com.md.demo.MyHttpInterceptor] [INFO] (MyHttpInterceptor.java:38)- 请求参数, url: http://localhost:9090/error, method: GET, params: null
2019-08-20 16:27:37,264 [main] [com.md.demo.Application] [INFO] (StartupInfoLogger.java:50)- Starting Application on demodeMacBook-Pro-2.local with PID 3151 (/Users/Minbo/Documents/IT/java/code/spring-boot-study/spring-boot2-study/spring-boot2-parent/spring-boot2-exception/target/classes started by Minbo in /Users/Minbo/Documents/IT/java/code/spring-boot-study/spring-boot2-study/spring-boot2-parent/spring-boot2-exception)
2019-08-20 16:27:37,268 [main] [com.md.demo.Application] [DEBUG] (StartupInfoLogger.java:53)- Running with Spring Boot v2.0.6.RELEASE, Spring v5.0.10.RELEASE
2019-08-20 16:27:37,271 [main] [com.md.demo.Application] [INFO] (SpringApplication.java:654)- No active profile set, falling back to default profiles: default
2019-08-20 16:27:39,819 [main] [com.md.demo.Application] [INFO] (StartupInfoLogger.java:59)- Started Application in 23.11 seconds (JVM running for 24.014)
2019-08-20 16:28:10,805 [http-nio-9090-exec-2] [com.md.demo.MyHttpInterceptor] [INFO] (MyHttpInterceptor.java:38)- 请求参数, url: http://localhost:9090/exception, method: GET, params: null
2019-08-20 16:28:10,831 [http-nio-9090-exec-2] [com.md.demo.GlobalExceptionHandler] [ERROR] (GlobalExceptionHandler.java:15)- 系统异常【全局异常】：/ by zero
java.lang.ArithmeticException: / by zero
	at com.md.demo.rest.InitRest.exception(InitRest.java:33)
	at sun.reflect.NativeMethodAccessorImpl.invoke0(Native Method)
	at sun.reflect.NativeMethodAccessorImpl.invoke(NativeMethodAccessorImpl.java:62)
	at sun.reflect.DelegatingMethodAccessorImpl.invoke(DelegatingMethodAccessorImpl.java:43)
	at java.lang.reflect.Method.invoke(Method.java:498)
	at org.springframework.web.method.support.InvocableHandlerMethod.doInvoke(InvocableHandlerMethod.java:209)
	at org.springframework.web.method.support.InvocableHandlerMethod.invokeForRequest(InvocableHandlerMethod.java:136)
	at org.springframework.web.servlet.mvc.method.annotation.ServletInvocableHandlerMethod.invokeAndHandle(ServletInvocableHandlerMethod.java:102)
	at org.springframework.web.servlet.mvc.method.annotation.RequestMappingHandlerAdapter.invokeHandlerMethod(RequestMappingHandlerAdapter.java:891)
	at org.springframework.web.servlet.mvc.method.annotation.RequestMappingHandlerAdapter.handleInternal(RequestMappingHandlerAdapter.java:797)
	at org.springframework.web.servlet.mvc.method.AbstractHandlerMethodAdapter.handle(AbstractHandlerMethodAdapter.java:87)
	at org.springframework.web.servlet.DispatcherServlet.doDispatch(DispatcherServlet.java:991)
	at org.springframework.web.servlet.DispatcherServlet.doService(DispatcherServlet.java:925)
	at org.springframework.web.servlet.FrameworkServlet.processRequest(FrameworkServlet.java:974)
	at org.springframework.web.servlet.FrameworkServlet.doGet(FrameworkServlet.java:866)
	at javax.servlet.http.HttpServlet.service(HttpServlet.java:635)
	at org.springframework.web.servlet.FrameworkServlet.service(FrameworkServlet.java:851)
	at javax.servlet.http.HttpServlet.service(HttpServlet.java:742)
	at org.apache.catalina.core.ApplicationFilterChain.internalDoFilter(ApplicationFilterChain.java:231)
	at org.apache.catalina.core.ApplicationFilterChain.doFilter(ApplicationFilterChain.java:166)
	at org.apache.tomcat.websocket.server.WsFilter.doFilter(WsFilter.java:52)
	at org.apache.catalina.core.ApplicationFilterChain.internalDoFilter(ApplicationFilterChain.java:193)
	at org.apache.catalina.core.ApplicationFilterChain.doFilter(ApplicationFilterChain.java:166)
	at org.springframework.web.filter.CorsFilter.doFilterInternal(CorsFilter.java:96)
	at org.springframework.web.filter.OncePerRequestFilter.doFilter(OncePerRequestFilter.java:107)
	at org.apache.catalina.core.ApplicationFilterChain.internalDoFilter(ApplicationFilterChain.java:193)
	at org.apache.catalina.core.ApplicationFilterChain.doFilter(ApplicationFilterChain.java:166)
	at org.springframework.web.filter.CharacterEncodingFilter.doFilterInternal(CharacterEncodingFilter.java:200)
	at org.springframework.web.filter.OncePerRequestFilter.doFilter(OncePerRequestFilter.java:107)
	at org.apache.catalina.core.ApplicationFilterChain.internalDoFilter(ApplicationFilterChain.java:193)
	at org.apache.catalina.core.ApplicationFilterChain.doFilter(ApplicationFilterChain.java:166)
	at org.apache.catalina.core.StandardWrapperValve.invoke(StandardWrapperValve.java:198)
	at org.apache.catalina.core.StandardContextValve.invoke(StandardContextValve.java:96)
	at org.apache.catalina.authenticator.AuthenticatorBase.invoke(AuthenticatorBase.java:493)
	at org.apache.catalina.core.StandardHostValve.invoke(StandardHostValve.java:140)
	at org.apache.catalina.valves.ErrorReportValve.invoke(ErrorReportValve.java:81)
	at org.apache.catalina.core.StandardEngineValve.invoke(StandardEngineValve.java:87)
	at org.apache.catalina.connector.CoyoteAdapter.service(CoyoteAdapter.java:342)
	at org.apache.coyote.http11.Http11Processor.service(Http11Processor.java:800)
	at org.apache.coyote.AbstractProcessorLight.process(AbstractProcessorLight.java:66)
	at org.apache.coyote.AbstractProtocol$ConnectionHandler.process(AbstractProtocol.java:806)
	at org.apache.tomcat.util.net.NioEndpoint$SocketProcessor.doRun(NioEndpoint.java:1498)
	at org.apache.tomcat.util.net.SocketProcessorBase.run(SocketProcessorBase.java:49)
	at java.util.concurrent.ThreadPoolExecutor.runWorker(ThreadPoolExecutor.java:1149)
	at java.util.concurrent.ThreadPoolExecutor$Worker.run(ThreadPoolExecutor.java:624)
	at org.apache.tomcat.util.threads.TaskThread$WrappingRunnable.run(TaskThread.java:61)
	at java.lang.Thread.run(Thread.java:748)
2019-08-20 16:28:10,855 [http-nio-9090-exec-2] [com.md.demo.MyHttpInterceptor] [INFO] (MyHttpInterceptor.java:38)- 请求参数, url: http://localhost:9090/error, method: GET, params: null
2019-08-20 16:28:58,542 [http-nio-9090-exec-4] [com.md.demo.MyHttpInterceptor] [INFO] (MyHttpInterceptor.java:38)- 请求参数, url: http://localhost:9090/error, method: GET, params: null
2019-08-20 16:29:22,387 [http-nio-9090-exec-5] [com.md.demo.MyHttpInterceptor] [INFO] (MyHttpInterceptor.java:38)- 请求参数, url: http://localhost:9090/error, method: GET, params: null
2019-08-20 16:33:14,471 [main] [com.md.demo.Application] [INFO] (StartupInfoLogger.java:50)- Starting Application on demodeMacBook-Pro-2.local with PID 3157 (/Users/Minbo/Documents/IT/java/code/spring-boot-study/spring-boot2-study/spring-boot2-parent/spring-boot2-exception/target/classes started by Minbo in /Users/Minbo/Documents/IT/java/code/spring-boot-study/spring-boot2-study/spring-boot2-parent/spring-boot2-exception)
2019-08-20 16:33:14,476 [main] [com.md.demo.Application] [DEBUG] (StartupInfoLogger.java:53)- Running with Spring Boot v2.0.6.RELEASE, Spring v5.0.10.RELEASE
2019-08-20 16:33:14,479 [main] [com.md.demo.Application] [INFO] (SpringApplication.java:654)- No active profile set, falling back to default profiles: default
2019-08-20 16:33:17,854 [main] [com.md.demo.Application] [INFO] (StartupInfoLogger.java:59)- Started Application in 23.977 seconds (JVM running for 24.985)
2019-08-20 16:34:28,047 [http-nio-9090-exec-1] [com.md.demo.MyHttpInterceptor] [INFO] (MyHttpInterceptor.java:38)- 请求参数, url: http://localhost:9090/error, method: GET, params: null
2019-08-20 16:34:35,932 [http-nio-9090-exec-3] [com.md.demo.MyHttpInterceptor] [INFO] (MyHttpInterceptor.java:38)- 请求参数, url: http://localhost:9090/error, method: GET, params: null
2019-08-20 16:34:41,698 [http-nio-9090-exec-4] [com.md.demo.MyHttpInterceptor] [INFO] (MyHttpInterceptor.java:38)- 请求参数, url: http://localhost:9090/exception, method: GET, params: null
2019-08-20 16:34:41,704 [http-nio-9090-exec-4] [com.md.demo.GlobalExceptionHandler] [ERROR] (GlobalExceptionHandler.java:15)- 系统异常【全局异常】：/ by zero
java.lang.ArithmeticException: / by zero
	at com.md.demo.rest.InitRest.exception(InitRest.java:36)
	at sun.reflect.NativeMethodAccessorImpl.invoke0(Native Method)
	at sun.reflect.NativeMethodAccessorImpl.invoke(NativeMethodAccessorImpl.java:62)
	at sun.reflect.DelegatingMethodAccessorImpl.invoke(DelegatingMethodAccessorImpl.java:43)
	at java.lang.reflect.Method.invoke(Method.java:498)
	at org.springframework.web.method.support.InvocableHandlerMethod.doInvoke(InvocableHandlerMethod.java:209)
	at org.springframework.web.method.support.InvocableHandlerMethod.invokeForRequest(InvocableHandlerMethod.java:136)
	at org.springframework.web.servlet.mvc.method.annotation.ServletInvocableHandlerMethod.invokeAndHandle(ServletInvocableHandlerMethod.java:102)
	at org.springframework.web.servlet.mvc.method.annotation.RequestMappingHandlerAdapter.invokeHandlerMethod(RequestMappingHandlerAdapter.java:891)
	at org.springframework.web.servlet.mvc.method.annotation.RequestMappingHandlerAdapter.handleInternal(RequestMappingHandlerAdapter.java:797)
	at org.springframework.web.servlet.mvc.method.AbstractHandlerMethodAdapter.handle(AbstractHandlerMethodAdapter.java:87)
	at org.springframework.web.servlet.DispatcherServlet.doDispatch(DispatcherServlet.java:991)
	at org.springframework.web.servlet.DispatcherServlet.doService(DispatcherServlet.java:925)
	at org.springframework.web.servlet.FrameworkServlet.processRequest(FrameworkServlet.java:974)
	at org.springframework.web.servlet.FrameworkServlet.doGet(FrameworkServlet.java:866)
	at javax.servlet.http.HttpServlet.service(HttpServlet.java:635)
	at org.springframework.web.servlet.FrameworkServlet.service(FrameworkServlet.java:851)
	at javax.servlet.http.HttpServlet.service(HttpServlet.java:742)
	at org.apache.catalina.core.ApplicationFilterChain.internalDoFilter(ApplicationFilterChain.java:231)
	at org.apache.catalina.core.ApplicationFilterChain.doFilter(ApplicationFilterChain.java:166)
	at org.apache.tomcat.websocket.server.WsFilter.doFilter(WsFilter.java:52)
	at org.apache.catalina.core.ApplicationFilterChain.internalDoFilter(ApplicationFilterChain.java:193)
	at org.apache.catalina.core.ApplicationFilterChain.doFilter(ApplicationFilterChain.java:166)
	at org.springframework.web.filter.CorsFilter.doFilterInternal(CorsFilter.java:96)
	at org.springframework.web.filter.OncePerRequestFilter.doFilter(OncePerRequestFilter.java:107)
	at org.apache.catalina.core.ApplicationFilterChain.internalDoFilter(ApplicationFilterChain.java:193)
	at org.apache.catalina.core.ApplicationFilterChain.doFilter(ApplicationFilterChain.java:166)
	at org.springframework.web.filter.CharacterEncodingFilter.doFilterInternal(CharacterEncodingFilter.java:200)
	at org.springframework.web.filter.OncePerRequestFilter.doFilter(OncePerRequestFilter.java:107)
	at org.apache.catalina.core.ApplicationFilterChain.internalDoFilter(ApplicationFilterChain.java:193)
	at org.apache.catalina.core.ApplicationFilterChain.doFilter(ApplicationFilterChain.java:166)
	at org.apache.catalina.core.StandardWrapperValve.invoke(StandardWrapperValve.java:198)
	at org.apache.catalina.core.StandardContextValve.invoke(StandardContextValve.java:96)
	at org.apache.catalina.authenticator.AuthenticatorBase.invoke(AuthenticatorBase.java:493)
	at org.apache.catalina.core.StandardHostValve.invoke(StandardHostValve.java:140)
	at org.apache.catalina.valves.ErrorReportValve.invoke(ErrorReportValve.java:81)
	at org.apache.catalina.core.StandardEngineValve.invoke(StandardEngineValve.java:87)
	at org.apache.catalina.connector.CoyoteAdapter.service(CoyoteAdapter.java:342)
	at org.apache.coyote.http11.Http11Processor.service(Http11Processor.java:800)
	at org.apache.coyote.AbstractProcessorLight.process(AbstractProcessorLight.java:66)
	at org.apache.coyote.AbstractProtocol$ConnectionHandler.process(AbstractProtocol.java:806)
	at org.apache.tomcat.util.net.NioEndpoint$SocketProcessor.doRun(NioEndpoint.java:1498)
	at org.apache.tomcat.util.net.SocketProcessorBase.run(SocketProcessorBase.java:49)
	at java.util.concurrent.ThreadPoolExecutor.runWorker(ThreadPoolExecutor.java:1149)
	at java.util.concurrent.ThreadPoolExecutor$Worker.run(ThreadPoolExecutor.java:624)
	at org.apache.tomcat.util.threads.TaskThread$WrappingRunnable.run(TaskThread.java:61)
	at java.lang.Thread.run(Thread.java:748)
2019-08-20 16:34:41,709 [http-nio-9090-exec-4] [com.md.demo.MyHttpInterceptor] [INFO] (MyHttpInterceptor.java:38)- 请求参数, url: http://localhost:9090/error, method: GET, params: null
2019-08-20 16:36:04,003 [main] [com.md.demo.Application] [INFO] (StartupInfoLogger.java:50)- Starting Application on demodeMacBook-Pro-2.local with PID 3161 (/Users/Minbo/Documents/IT/java/code/spring-boot-study/spring-boot2-study/spring-boot2-parent/spring-boot2-exception/target/classes started by Minbo in /Users/Minbo/Documents/IT/java/code/spring-boot-study/spring-boot2-study/spring-boot2-parent/spring-boot2-exception)
2019-08-20 16:36:04,013 [main] [com.md.demo.Application] [DEBUG] (StartupInfoLogger.java:53)- Running with Spring Boot v2.0.6.RELEASE, Spring v5.0.10.RELEASE
2019-08-20 16:36:04,016 [main] [com.md.demo.Application] [INFO] (SpringApplication.java:654)- No active profile set, falling back to default profiles: default
2019-08-20 16:36:07,071 [main] [com.md.demo.Application] [INFO] (StartupInfoLogger.java:59)- Started Application in 23.712 seconds (JVM running for 24.598)
2019-08-20 16:36:15,460 [http-nio-9090-exec-2] [com.md.demo.MyHttpInterceptor] [INFO] (MyHttpInterceptor.java:38)- 请求参数, url: http://localhost:9090/hello, method: GET, params: null
2019-08-20 16:36:16,850 [http-nio-9090-exec-3] [com.md.demo.MyHttpInterceptor] [INFO] (MyHttpInterceptor.java:38)- 请求参数, url: http://localhost:9090/hello, method: GET, params: null
2019-08-20 16:36:19,905 [http-nio-9090-exec-4] [com.md.demo.MyHttpInterceptor] [INFO] (MyHttpInterceptor.java:38)- 请求参数, url: http://localhost:9090/error, method: GET, params: null
2019-08-20 16:36:21,015 [http-nio-9090-exec-5] [com.md.demo.MyHttpInterceptor] [INFO] (MyHttpInterceptor.java:38)- 请求参数, url: http://localhost:9090/error, method: GET, params: null
2019-08-20 16:36:30,782 [http-nio-9090-exec-6] [com.md.demo.MyHttpInterceptor] [INFO] (MyHttpInterceptor.java:38)- 请求参数, url: http://localhost:9090/exception, method: GET, params: null
2019-08-20 16:36:30,788 [http-nio-9090-exec-6] [com.md.demo.GlobalExceptionHandler] [ERROR] (GlobalExceptionHandler.java:21)- 系统异常【全局异常】：/ by zero
java.lang.ArithmeticException: / by zero
	at com.md.demo.rest.InitRest.exception(InitRest.java:36)
	at sun.reflect.NativeMethodAccessorImpl.invoke0(Native Method)
	at sun.reflect.NativeMethodAccessorImpl.invoke(NativeMethodAccessorImpl.java:62)
	at sun.reflect.DelegatingMethodAccessorImpl.invoke(DelegatingMethodAccessorImpl.java:43)
	at java.lang.reflect.Method.invoke(Method.java:498)
	at org.springframework.web.method.support.InvocableHandlerMethod.doInvoke(InvocableHandlerMethod.java:209)
	at org.springframework.web.method.support.InvocableHandlerMethod.invokeForRequest(InvocableHandlerMethod.java:136)
	at org.springframework.web.servlet.mvc.method.annotation.ServletInvocableHandlerMethod.invokeAndHandle(ServletInvocableHandlerMethod.java:102)
	at org.springframework.web.servlet.mvc.method.annotation.RequestMappingHandlerAdapter.invokeHandlerMethod(RequestMappingHandlerAdapter.java:891)
	at org.springframework.web.servlet.mvc.method.annotation.RequestMappingHandlerAdapter.handleInternal(RequestMappingHandlerAdapter.java:797)
	at org.springframework.web.servlet.mvc.method.AbstractHandlerMethodAdapter.handle(AbstractHandlerMethodAdapter.java:87)
	at org.springframework.web.servlet.DispatcherServlet.doDispatch(DispatcherServlet.java:991)
	at org.springframework.web.servlet.DispatcherServlet.doService(DispatcherServlet.java:925)
	at org.springframework.web.servlet.FrameworkServlet.processRequest(FrameworkServlet.java:974)
	at org.springframework.web.servlet.FrameworkServlet.doGet(FrameworkServlet.java:866)
	at javax.servlet.http.HttpServlet.service(HttpServlet.java:635)
	at org.springframework.web.servlet.FrameworkServlet.service(FrameworkServlet.java:851)
	at javax.servlet.http.HttpServlet.service(HttpServlet.java:742)
	at org.apache.catalina.core.ApplicationFilterChain.internalDoFilter(ApplicationFilterChain.java:231)
	at org.apache.catalina.core.ApplicationFilterChain.doFilter(ApplicationFilterChain.java:166)
	at org.apache.tomcat.websocket.server.WsFilter.doFilter(WsFilter.java:52)
	at org.apache.catalina.core.ApplicationFilterChain.internalDoFilter(ApplicationFilterChain.java:193)
	at org.apache.catalina.core.ApplicationFilterChain.doFilter(ApplicationFilterChain.java:166)
	at org.springframework.web.filter.CorsFilter.doFilterInternal(CorsFilter.java:96)
	at org.springframework.web.filter.OncePerRequestFilter.doFilter(OncePerRequestFilter.java:107)
	at org.apache.catalina.core.ApplicationFilterChain.internalDoFilter(ApplicationFilterChain.java:193)
	at org.apache.catalina.core.ApplicationFilterChain.doFilter(ApplicationFilterChain.java:166)
	at org.springframework.web.filter.CharacterEncodingFilter.doFilterInternal(CharacterEncodingFilter.java:200)
	at org.springframework.web.filter.OncePerRequestFilter.doFilter(OncePerRequestFilter.java:107)
	at org.apache.catalina.core.ApplicationFilterChain.internalDoFilter(ApplicationFilterChain.java:193)
	at org.apache.catalina.core.ApplicationFilterChain.doFilter(ApplicationFilterChain.java:166)
	at org.apache.catalina.core.StandardWrapperValve.invoke(StandardWrapperValve.java:198)
	at org.apache.catalina.core.StandardContextValve.invoke(StandardContextValve.java:96)
	at org.apache.catalina.authenticator.AuthenticatorBase.invoke(AuthenticatorBase.java:493)
	at org.apache.catalina.core.StandardHostValve.invoke(StandardHostValve.java:140)
	at org.apache.catalina.valves.ErrorReportValve.invoke(ErrorReportValve.java:81)
	at org.apache.catalina.core.StandardEngineValve.invoke(StandardEngineValve.java:87)
	at org.apache.catalina.connector.CoyoteAdapter.service(CoyoteAdapter.java:342)
	at org.apache.coyote.http11.Http11Processor.service(Http11Processor.java:800)
	at org.apache.coyote.AbstractProcessorLight.process(AbstractProcessorLight.java:66)
	at org.apache.coyote.AbstractProtocol$ConnectionHandler.process(AbstractProtocol.java:806)
	at org.apache.tomcat.util.net.NioEndpoint$SocketProcessor.doRun(NioEndpoint.java:1498)
	at org.apache.tomcat.util.net.SocketProcessorBase.run(SocketProcessorBase.java:49)
	at java.util.concurrent.ThreadPoolExecutor.runWorker(ThreadPoolExecutor.java:1149)
	at java.util.concurrent.ThreadPoolExecutor$Worker.run(ThreadPoolExecutor.java:624)
	at org.apache.tomcat.util.threads.TaskThread$WrappingRunnable.run(TaskThread.java:61)
	at java.lang.Thread.run(Thread.java:748)
2019-08-20 16:36:30,852 [http-nio-9090-exec-6] [com.md.demo.MyHttpInterceptor] [INFO] (MyHttpInterceptor.java:38)- 请求参数, url: http://localhost:9090/error, method: GET, params: null
2019-08-20 16:36:42,794 [http-nio-9090-exec-8] [com.md.demo.MyHttpInterceptor] [INFO] (MyHttpInterceptor.java:38)- 请求参数, url: http://localhost:9090/exception, method: GET, params: null
2019-08-20 16:36:42,795 [http-nio-9090-exec-8] [com.md.demo.GlobalExceptionHandler] [ERROR] (GlobalExceptionHandler.java:21)- 系统异常【全局异常】：/ by zero
java.lang.ArithmeticException: / by zero
	at com.md.demo.rest.InitRest.exception(InitRest.java:36)
	at sun.reflect.NativeMethodAccessorImpl.invoke0(Native Method)
	at sun.reflect.NativeMethodAccessorImpl.invoke(NativeMethodAccessorImpl.java:62)
	at sun.reflect.DelegatingMethodAccessorImpl.invoke(DelegatingMethodAccessorImpl.java:43)
	at java.lang.reflect.Method.invoke(Method.java:498)
	at org.springframework.web.method.support.InvocableHandlerMethod.doInvoke(InvocableHandlerMethod.java:209)
	at org.springframework.web.method.support.InvocableHandlerMethod.invokeForRequest(InvocableHandlerMethod.java:136)
	at org.springframework.web.servlet.mvc.method.annotation.ServletInvocableHandlerMethod.invokeAndHandle(ServletInvocableHandlerMethod.java:102)
	at org.springframework.web.servlet.mvc.method.annotation.RequestMappingHandlerAdapter.invokeHandlerMethod(RequestMappingHandlerAdapter.java:891)
	at org.springframework.web.servlet.mvc.method.annotation.RequestMappingHandlerAdapter.handleInternal(RequestMappingHandlerAdapter.java:797)
	at org.springframework.web.servlet.mvc.method.AbstractHandlerMethodAdapter.handle(AbstractHandlerMethodAdapter.java:87)
	at org.springframework.web.servlet.DispatcherServlet.doDispatch(DispatcherServlet.java:991)
	at org.springframework.web.servlet.DispatcherServlet.doService(DispatcherServlet.java:925)
	at org.springframework.web.servlet.FrameworkServlet.processRequest(FrameworkServlet.java:974)
	at org.springframework.web.servlet.FrameworkServlet.doGet(FrameworkServlet.java:866)
	at javax.servlet.http.HttpServlet.service(HttpServlet.java:635)
	at org.springframework.web.servlet.FrameworkServlet.service(FrameworkServlet.java:851)
	at javax.servlet.http.HttpServlet.service(HttpServlet.java:742)
	at org.apache.catalina.core.ApplicationFilterChain.internalDoFilter(ApplicationFilterChain.java:231)
	at org.apache.catalina.core.ApplicationFilterChain.doFilter(ApplicationFilterChain.java:166)
	at org.apache.tomcat.websocket.server.WsFilter.doFilter(WsFilter.java:52)
	at org.apache.catalina.core.ApplicationFilterChain.internalDoFilter(ApplicationFilterChain.java:193)
	at org.apache.catalina.core.ApplicationFilterChain.doFilter(ApplicationFilterChain.java:166)
	at org.springframework.web.filter.CorsFilter.doFilterInternal(CorsFilter.java:96)
	at org.springframework.web.filter.OncePerRequestFilter.doFilter(OncePerRequestFilter.java:107)
	at org.apache.catalina.core.ApplicationFilterChain.internalDoFilter(ApplicationFilterChain.java:193)
	at org.apache.catalina.core.ApplicationFilterChain.doFilter(ApplicationFilterChain.java:166)
	at org.springframework.web.filter.CharacterEncodingFilter.doFilterInternal(CharacterEncodingFilter.java:200)
	at org.springframework.web.filter.OncePerRequestFilter.doFilter(OncePerRequestFilter.java:107)
	at org.apache.catalina.core.ApplicationFilterChain.internalDoFilter(ApplicationFilterChain.java:193)
	at org.apache.catalina.core.ApplicationFilterChain.doFilter(ApplicationFilterChain.java:166)
	at org.apache.catalina.core.StandardWrapperValve.invoke(StandardWrapperValve.java:198)
	at org.apache.catalina.core.StandardContextValve.invoke(StandardContextValve.java:96)
	at org.apache.catalina.authenticator.AuthenticatorBase.invoke(AuthenticatorBase.java:493)
	at org.apache.catalina.core.StandardHostValve.invoke(StandardHostValve.java:140)
	at org.apache.catalina.valves.ErrorReportValve.invoke(ErrorReportValve.java:81)
	at org.apache.catalina.core.StandardEngineValve.invoke(StandardEngineValve.java:87)
	at org.apache.catalina.connector.CoyoteAdapter.service(CoyoteAdapter.java:342)
	at org.apache.coyote.http11.Http11Processor.service(Http11Processor.java:800)
	at org.apache.coyote.AbstractProcessorLight.process(AbstractProcessorLight.java:66)
	at org.apache.coyote.AbstractProtocol$ConnectionHandler.process(AbstractProtocol.java:806)
	at org.apache.tomcat.util.net.NioEndpoint$SocketProcessor.doRun(NioEndpoint.java:1498)
	at org.apache.tomcat.util.net.SocketProcessorBase.run(SocketProcessorBase.java:49)
	at java.util.concurrent.ThreadPoolExecutor.runWorker(ThreadPoolExecutor.java:1149)
	at java.util.concurrent.ThreadPoolExecutor$Worker.run(ThreadPoolExecutor.java:624)
	at org.apache.tomcat.util.threads.TaskThread$WrappingRunnable.run(TaskThread.java:61)
	at java.lang.Thread.run(Thread.java:748)
2019-08-20 16:36:42,798 [http-nio-9090-exec-8] [com.md.demo.MyHttpInterceptor] [INFO] (MyHttpInterceptor.java:38)- 请求参数, url: http://localhost:9090/error, method: GET, params: null
